[14:21:40] [main/WARN]: Ambiguity between arguments [teleport, destination] and [teleport, targets] with inputs: [Player, 0123, @e, dd12be42-52a9-4a91-a8a1-11c01849e498]
[14:21:40] [main/WARN]: Ambiguity between arguments [teleport, location] and [teleport, destination] with inputs: [0.1 -0.5 .9, 0 0 0]
[14:21:40] [main/WARN]: Ambiguity between arguments [teleport, location] and [teleport, targets] with inputs: [0.1 -0.5 .9, 0 0 0]
[14:21:40] [main/WARN]: Ambiguity between arguments [teleport, targets] and [teleport, destination] with inputs: [Player, 0123, dd12be42-52a9-4a91-a8a1-11c01849e498]
[14:21:40] [main/WARN]: Ambiguity between arguments [teleport, targets, location] and [teleport, targets, destination] with inputs: [0.1 -0.5 .9, 0 0 0]
[14:21:42] [Server thread/INFO]: Starting minecraft server version 1.15.2
[14:21:42] [Server thread/INFO]: Loading properties
[14:21:42] [Server thread/INFO]: Default game type: SURVIVAL
[14:21:42] [Server thread/INFO]: Generating keypair
[14:21:42] [Server thread/INFO]: Starting Minecraft server on *:25565
[14:21:42] [Server thread/INFO]: Using default channel type
[14:21:45] [Server thread/WARN]: **** SERVER IS RUNNING IN OFFLINE/INSECURE MODE!
[14:21:45] [Server thread/WARN]: The server will make no attempt to authenticate usernames. Beware.
[14:21:45] [Server thread/WARN]: While this makes the game possible to play without internet access, it also opens up the ability for hackers to connect with any username they choose.
[14:21:45] [Server thread/WARN]: To change this, set "online-mode" to "true" in the server.properties file.
[14:21:45] [Server thread/INFO]: Preparing level "world"
[14:21:45] [Server thread/INFO]: Found new data pack vanilla, loading it automatically
[14:21:45] [Server thread/INFO]: Reloading ResourceManager: Default
[14:21:46] [Server thread/INFO]: Loaded 6 recipes
[14:21:46] [Server thread/INFO]: Loaded 825 advancements
[14:21:52] [Server thread/INFO]: Preparing start region for dimension minecraft:overworld
[14:21:52] [Server-Worker-2/INFO]: Preparing spawn area: 0%
[14:21:53] [Server-Worker-2/INFO]: Preparing spawn area: 0%
[14:21:53] [Server-Worker-2/INFO]: Preparing spawn area: 0%
[14:21:53] [Server-Worker-1/INFO]: Preparing spawn area: 0%
[14:21:54] [Server-Worker-3/INFO]: Preparing spawn area: 1%
[14:21:54] [Server-Worker-1/INFO]: Preparing spawn area: 1%
[14:21:55] [Server-Worker-3/INFO]: Preparing spawn area: 4%
[14:21:55] [Server-Worker-1/INFO]: Preparing spawn area: 5%
[14:21:56] [Server-Worker-3/INFO]: Preparing spawn area: 8%
[14:21:56] [Server-Worker-1/INFO]: Preparing spawn area: 12%
[14:21:57] [Server-Worker-1/INFO]: Preparing spawn area: 17%
[14:21:57] [Server-Worker-3/INFO]: Preparing spawn area: 23%
[14:21:58] [Server-Worker-3/INFO]: Preparing spawn area: 26%
[14:21:58] [Server-Worker-1/INFO]: Preparing spawn area: 26%
[14:21:59] [Server-Worker-3/INFO]: Preparing spawn area: 34%
[14:21:59] [Server-Worker-2/INFO]: Preparing spawn area: 35%
[14:22:00] [Server-Worker-1/INFO]: Preparing spawn area: 35%
[14:22:00] [Server-Worker-2/INFO]: Preparing spawn area: 44%
[14:22:01] [Server-Worker-2/INFO]: Preparing spawn area: 49%
[14:22:01] [Server-Worker-2/INFO]: Preparing spawn area: 53%
[14:22:02] [Server-Worker-1/INFO]: Preparing spawn area: 57%
[14:22:03] [Server-Worker-2/INFO]: Preparing spawn area: 60%
[14:22:03] [Server-Worker-1/INFO]: Preparing spawn area: 60%
[14:22:03] [Server-Worker-1/INFO]: Preparing spawn area: 69%
[14:22:04] [Server-Worker-3/INFO]: Preparing spawn area: 72%
[14:22:04] [Server-Worker-2/INFO]: Preparing spawn area: 76%
[14:22:06] [Server-Worker-3/INFO]: Preparing spawn area: 77%
[14:22:06] [Server-Worker-3/INFO]: Preparing spawn area: 77%
[14:22:06] [Server-Worker-1/INFO]: Preparing spawn area: 86%
[14:22:06] [Server-Worker-3/INFO]: Preparing spawn area: 90%
[14:22:07] [Server-Worker-1/INFO]: Preparing spawn area: 94%
[14:22:08] [Server-Worker-1/INFO]: Preparing spawn area: 97%
[14:22:08] [Server thread/INFO]: Time elapsed: 15682 ms
[14:22:08] [Server thread/INFO]: Done (22.407s)! For help, type "help"
[14:22:08] [Server thread/INFO]: Starting remote control listener
[14:22:08] [RCON Listener #1/INFO]: RCON running on 0.0.0.0:25575
[14:22:08] [Server thread/INFO]: Slacker_xd[/182.253.250.157:3595] logged in with entity id 236 at (-44.5, 69.0, -248.5)
[14:22:08] [Server thread/INFO]: Slacker_xd joined the game
[14:22:08] [Server thread/INFO]: com.mojang.authlib.GameProfile@72f54110[id=<null>,name=Slacker_xd,properties={},legacy=false] (/182.253.250.157:3624) lost connection: Disconnected
[14:22:08] [Server thread/INFO]: com.mojang.authlib.GameProfile@22869fc6[id=<null>,name=Slacker_xd,properties={},legacy=false] (/182.253.250.157:3638) lost connection: Disconnected
[14:22:11] [Server thread/INFO]: Setrium[/139.193.118.178:49988] logged in with entity id 342 at (-42.5, 69.0, -233.5)
[14:22:11] [Server thread/INFO]: Setrium joined the game
[14:22:30] [Server thread/INFO]: Shiya[/127.0.0.1:52048] logged in with entity id 603 at (-54.5, 68.0, -235.5)
[14:22:30] [Server thread/INFO]: Shiya joined the game
[14:23:45] [Server thread/INFO]: Shiya has made the advancement [Stone Age]
[14:23:52] [Server thread/INFO]: Shiya has made the advancement [Getting an Upgrade]
[14:25:29] [Server thread/INFO]: Setrium has made the advancement [Stone Age]
[14:26:42] [Server thread/INFO]: Shiya has made the advancement [Monster Hunter]
[14:26:42] [Server thread/INFO]: Slacker_xd has made the advancement [Stone Age]
[14:26:59] [Server thread/INFO]: Setrium has made the advancement [Getting an Upgrade]
[14:27:06] [Server thread/INFO]: Slacker_xd has made the advancement [Getting an Upgrade]
[14:27:11] [Server thread/WARN]: Shiya moved too quickly! -8.566928367545415,-3.0,4.209776132354193
[14:27:11] [Server thread/WARN]: Can't keep up! Is the server overloaded? Running 3741ms or 74 ticks behind
[14:27:12] [Server thread/WARN]: Setrium moved wrongly!
[14:27:20] [Server thread/INFO]: Setrium has made the advancement [Monster Hunter]
[14:28:40] [Server thread/INFO]: Shiya has made the advancement [Acquire Hardware]
[14:30:29] [Server thread/INFO]: Setrium has made the advancement [Acquire Hardware]
[14:30:49] [Server thread/INFO]: Setrium has made the advancement [Not Today, Thank You]
[14:32:17] [Server thread/WARN]: Can't keep up! Is the server overloaded? Running 6105ms or 122 ticks behind
[14:37:22] [Server thread/WARN]: Slacker_xd moved too quickly! 4.670068255948195,-4.592604597635059,7.698717466741016
[14:37:22] [Server thread/WARN]: Can't keep up! Is the server overloaded? Running 4768ms or 95 ticks behind
[14:37:52] [Server thread/INFO]: Shiya has made the advancement [Sweet Dreams]
[14:38:01] [Server thread/INFO]: Setrium has made the advancement [Sweet Dreams]
[14:39:25] [Server thread/INFO]: Shiya was blown up by Creeper
[14:39:48] [Server thread/INFO]: Shiya lost connection: Disconnected
[14:39:48] [Server thread/INFO]: Shiya left the game
[14:39:54] [Server thread/INFO]: Stopping the server
[14:39:54] [Server thread/INFO]: Stopping server
[14:39:54] [Server thread/INFO]: Saving players
[14:39:54] [Server thread/INFO]: Slacker_xd lost connection: Server closed
[14:39:54] [Server thread/INFO]: Slacker_xd left the game
[14:39:54] [Server thread/INFO]: Saving worlds
[14:39:54] [Server thread/INFO]: Saving chunks for level 'world'/minecraft:overworld
[14:39:58] [Server thread/INFO]: ThreadedAnvilChunkStorage (world): All chunks are saved
[14:39:58] [Server thread/INFO]: Saving chunks for level 'world'/minecraft:the_nether
[14:39:59] [Server thread/INFO]: ThreadedAnvilChunkStorage (DIM-1): All chunks are saved
[14:39:59] [Server thread/INFO]: Saving chunks for level 'world'/minecraft:the_end
[14:39:59] [Server thread/INFO]: ThreadedAnvilChunkStorage (DIM1): All chunks are saved
[14:39:59] [Server thread/INFO]: ThreadedAnvilChunkStorage (world): All chunks are saved
[14:40:01] [Server thread/INFO]: ThreadedAnvilChunkStorage (DIM-1): All chunks are saved
[14:40:01] [Server thread/INFO]: ThreadedAnvilChunkStorage (DIM1): All chunks are saved
